Using pre-set license
Built from '2022.3/staging' branch; Version is '2022.3.14f1 (eff2de9070d8) revision 15725278'; Using compiler version '192829333'; Build Type 'Release'
OS: 'Windows 10  (10.0.19045) 64bit Education' Language: 'en' Physical Memory: 8073 MB
BatchMode: 1, IsHumanControllingUs: 0, StartBugReporterOnCrash: 0, Is64bit: 1, IsPro: 1

COMMAND LINE ARGUMENTS:
C:\Program Files\Unity\Hub\Editor\2022.3.14f1\Editor\Unity.exe
-adb2
-batchMode
-noUpm
-name
AssetImportWorker1
-projectPath
D:/Dentiva/My project
-logFile
Logs/AssetImportWorker1.log
-srvPort
56729
Successfully changed project path to: D:/Dentiva/My project
D:/Dentiva/My project
[UnityMemory] Configuration Parameters - Can be set up in boot.config
    "memorysetup-bucket-allocator-granularity=16"
    "memorysetup-bucket-allocator-bucket-count=8"
    "memorysetup-bucket-allocator-block-size=33554432"
    "memorysetup-bucket-allocator-block-count=8"
    "memorysetup-main-allocator-block-size=16777216"
    "memorysetup-thread-allocator-block-size=16777216"
    "memorysetup-gfx-main-allocator-block-size=16777216"
    "memorysetup-gfx-thread-allocator-block-size=16777216"
    "memorysetup-cache-allocator-block-size=4194304"
    "memorysetup-typetree-allocator-block-size=2097152"
    "memorysetup-profiler-bucket-allocator-granularity=16"
    "memorysetup-profiler-bucket-allocator-bucket-count=8"
    "memorysetup-profiler-bucket-allocator-block-size=33554432"
    "memorysetup-profiler-bucket-allocator-block-count=8"
    "memorysetup-profiler-allocator-block-size=16777216"
    "memorysetup-profiler-editor-allocator-block-size=1048576"
    "memorysetup-temp-allocator-size-main=16777216"
    "memorysetup-job-temp-allocator-block-size=2097152"
    "memorysetup-job-temp-allocator-block-size-background=1048576"
    "memorysetup-job-temp-allocator-reduction-small-platforms=262144"
    "memorysetup-allocator-temp-initial-block-size-main=262144"
    "memorysetup-allocator-temp-initial-block-size-worker=262144"
    "memorysetup-temp-allocator-size-background-worker=32768"
    "memorysetup-temp-allocator-size-job-worker=262144"
    "memorysetup-temp-allocator-size-preload-manager=33554432"
    "memorysetup-temp-allocator-size-nav-mesh-worker=65536"
    "memorysetup-temp-allocator-size-audio-worker=65536"
    "memorysetup-temp-allocator-size-cloud-worker=32768"
    "memorysetup-temp-allocator-size-gi-baking-worker=262144"
    "memorysetup-temp-allocator-size-gfx=262144"
Player connection [14428] Host "[IP] 192.168.1.77 [Port] 0 [Flags] 2 [Guid] 1515801194 [EditorId] 1515801194 [Version] 1048832 [Id] WindowsEditor(7,DESKTOP-UAN3MJ0) [Debug] 1 [PackageName] WindowsEditor [ProjectName] Editor" joined multi-casting on [225.0.0.222:54997]...

Player connection [14428] Host "[IP] 192.168.1.77 [Port] 0 [Flags] 2 [Guid] 1515801194 [EditorId] 1515801194 [Version] 1048832 [Id] WindowsEditor(7,DESKTOP-UAN3MJ0) [Debug] 1 [PackageName] WindowsEditor [ProjectName] Editor" joined alternative multi-casting on [225.0.0.222:34997]...

[Physics::Module] Initialized MultithreadedJobDispatcher with 7 workers.
Refreshing native plugins compatible for Editor in 18.30 ms, found 3 plugins.
Preloading 0 native plugins for Editor in 0.00 ms.
Initialize engine version: 2022.3.14f1 (eff2de9070d8)
[Subsystems] Discovering subsystems at path C:/Program Files/Unity/Hub/Editor/2022.3.14f1/Editor/Data/Resources/UnitySubsystems
[Subsystems] Discovering subsystems at path D:/Dentiva/My project/Assets
GfxDevice: creating device client; threaded=0; jobified=0
Direct3D:
    Version:  Direct3D 11.0 [level 10.1]
    Renderer: Intel(R) HD Graphics 3000 (ID=0x126)
    Vendor:   Intel
    VRAM:     128 MB
    Driver:   9.17.10.4459
Initialize mono
Mono path[0] = 'C:/Program Files/Unity/Hub/Editor/2022.3.14f1/Editor/Data/Managed'
Mono path[1] = 'C:/Program Files/Unity/Hub/Editor/2022.3.14f1/Editor/Data/MonoBleedingEdge/lib/mono/unityjit-win32'
Mono config path = 'C:/Program Files/Unity/Hub/Editor/2022.3.14f1/Editor/Data/MonoBleedingEdge/etc'
Using monoOptions --debugger-agent=transport=dt_socket,embedding=1,server=y,suspend=n,address=127.0.0.1:56568
Begin MonoManager ReloadAssembly
Registering precompiled unity dll's ...
Register platform support module: C:/Program Files/Unity/Hub/Editor/2022.3.14f1/Editor/Data/PlaybackEngines/AndroidPlayer/UnityEditor.Android.Extensions.dll
Register platform support module: C:/Program Files/Unity/Hub/Editor/2022.3.14f1/Editor/Data/PlaybackEngines/iOSSupport/UnityEditor.iOS.Extensions.dll
Register platform support module: C:/Program Files/Unity/Hub/Editor/2022.3.14f1/Editor/Data/PlaybackEngines/WindowsStandaloneSupport/UnityEditor.WindowsStandalone.Extensions.dll
Registered in 0.032253 seconds.
- Loaded All Assemblies, in  0.863 seconds
Native extension for WindowsStandalone target not found
[usbmuxd] Start listen thread
[usbmuxd] Listen thread started
Native extension for iOS target not found
Native extension for Android target not found
Android Extension - Scanning For ADB Devices 564 ms
Mono: successfully reloaded assembly
- Finished resetting the current domain, in  1.503 seconds
Domain Reload Profiling: 2361ms
	BeginReloadAssembly (239ms)
		ExecutionOrderSort (0ms)
		DisableScriptedObjects (0ms)
		BackupInstance (0ms)
		ReleaseScriptingObjects (0ms)
		CreateAndSetChildDomain (1ms)
	RebuildCommonClasses (89ms)
	RebuildNativeTypeToScriptingClass (23ms)
	initialDomainReloadingComplete (165ms)
	LoadAllAssembliesAndSetupDomain (341ms)
		LoadAssemblies (235ms)
		RebuildTransferFunctionScriptingTraits (0ms)
		AnalyzeDomain (335ms)
			TypeCache.Refresh (332ms)
				TypeCache.ScanAssembly (302ms)
			ScanForSourceGeneratedMonoScriptInfo (1ms)
			ResolveRequiredComponents (1ms)
	FinalizeReload (1505ms)
		ReleaseScriptCaches (0ms)
		RebuildScriptCaches (0ms)
		SetupLoadedEditorAssemblies (1361ms)
			LogAssemblyErrors (0ms)
			InitializePlatformSupportModulesInManaged (896ms)
			SetLoadedEditorAssemblies (9ms)
			RefreshPlugins (0ms)
			BeforeProcessingInitializeOnLoad (7ms)
			ProcessInitializeOnLoadAttributes (274ms)
			ProcessInitializeOnLoadMethodAttributes (175ms)
			AfterProcessingInitializeOnLoad (0ms)
			EditorAssembliesLoaded (0ms)
		ExecutionOrderSort2 (0ms)
		AwakeInstancesAfterBackupRestoration (0ms)
========================================================================
Worker process is ready to serve import requests
Begin MonoManager ReloadAssembly
- Loaded All Assemblies, in  1.377 seconds
Refreshing native plugins compatible for Editor in 3.10 ms, found 3 plugins.
Native extension for WindowsStandalone target not found
Native extension for iOS target not found
Native extension for Android target not found
Package Manager log level set to [2]
[Package Manager] Server::EnsureServerProcessIsRunning -- launch failed, reason: Unity was launched with the -noUpm command-line argument
[Package Manager] UpmClient::Send -- Unable to send message (not connected to UPM process).
[Package Manager] Cannot connect to Unity Package Manager local server
Mono: successfully reloaded assembly
- Finished resetting the current domain, in  1.336 seconds
Domain Reload Profiling: 2708ms
	BeginReloadAssembly (333ms)
		ExecutionOrderSort (0ms)
		DisableScriptedObjects (11ms)
		BackupInstance (0ms)
		ReleaseScriptingObjects (0ms)
		CreateAndSetChildDomain (40ms)
	RebuildCommonClasses (72ms)
	RebuildNativeTypeToScriptingClass (20ms)
	initialDomainReloadingComplete (76ms)
	LoadAllAssembliesAndSetupDomain (871ms)
		LoadAssemblies (660ms)
		RebuildTransferFunctionScriptingTraits (0ms)
		AnalyzeDomain (414ms)
			TypeCache.Refresh (362ms)
				TypeCache.ScanAssembly (326ms)
			ScanForSourceGeneratedMonoScriptInfo (43ms)
			ResolveRequiredComponents (7ms)
	FinalizeReload (1337ms)
		ReleaseScriptCaches (0ms)
		RebuildScriptCaches (0ms)
		SetupLoadedEditorAssemblies (958ms)
			LogAssemblyErrors (0ms)
			InitializePlatformSupportModulesInManaged (89ms)
			SetLoadedEditorAssemblies (7ms)
			RefreshPlugins (0ms)
			BeforeProcessingInitializeOnLoad (136ms)
			ProcessInitializeOnLoadAttributes (657ms)
			ProcessInitializeOnLoadMethodAttributes (52ms)
			AfterProcessingInitializeOnLoad (18ms)
			EditorAssembliesLoaded (0ms)
		ExecutionOrderSort2 (0ms)
		AwakeInstancesAfterBackupRestoration (24ms)
Launched and connected shader compiler UnityShaderCompiler.exe after 0.12 seconds
Refreshing native plugins compatible for Editor in 5.21 ms, found 3 plugins.
Preloading 0 native plugins for Editor in 0.00 ms.
Unloading 3083 Unused Serialized files (Serialized files now loaded: 0)
Unloading 32 unused Assets / (56.8 KB). Loaded Objects now: 3547.
Memory consumption went from 127.2 MB to 127.1 MB.
Total: 6.725300 ms (FindLiveObjects: 0.375500 ms CreateObjectMapping: 0.364100 ms MarkObjects: 5.796400 ms  DeleteObjects: 0.187500 ms)

AssetImportParameters requested are different than current active one (requested -> active):
  custom:container-demuxer-ogg: 62fdf1f143b41e24485cea50d1cbac27 -> 
  custom:video-decoder-ogg-theora: a1e56fd34408186e4bbccfd4996cb3dc -> 
  custom:framework-win-MediaFoundation: 216162199b28c13a410421893ffa2e32 -> 
  custom:CustomObjectIndexerAttribute: 756ad292c208cfabdd7b50bc23989ffe -> 
  custom:container-demuxer-webm: 4f35f7cbe854078d1ac9338744f61a02 -> 
  custom:container-muxer-webm: aa71ff27fc2769a1b78a27578f13a17b -> 
  custom:video-decoder-webm-vp8: 9c59270c3fd7afecdb556c50c9e8de78 -> 
  custom:SearchIndexIgnoredProperties: e643bd26f0fe6173181afceb89e7c659 -> 
  custom:AudioImporter_EditorPlatform: d09bf68614088b80899f8185d706f6e7 -> 
  custom:video-encoder-webm-vp8: eb34c28f22e8b96e1ab97ce403110664 -> 
  custom:audio-decoder-ogg-vorbis: bf7c407c2cedff20999df2af8eb42d56 -> 
  custom:audio-encoder-webm-vorbis: bf7c407c2cedff20999df2af8eb42d56 -> 
========================================================================
Received Import Request.
  Time since last request: 197779.454556 seconds.
  path: Assets/textures
  artifactKey: Guid(53ff446606826694cb5008b493ae42df) Importer(815301076,1909f56bfc062723c751e8b465ee728b)
Start importing Assets/textures using Guid(53ff446606826694cb5008b493ae42df) Importer(815301076,1909f56bfc062723c751e8b465ee728b)  -> (artifact id: '57a03d5f260547f281bbd78be4ae5b0e') in 0.002852 seconds
Number of updated asset objects reloaded before import = 0
Number of asset objects unloaded after import = 0
========================================================================
Received Import Request.
  Time since last request: 0.066705 seconds.
  path: Assets/textures/0d036f80c81be11950631c02834b0167.jpg
  artifactKey: Guid(f9b2eaf207fe432439da1056aa6c0ac7) Importer(815301076,1909f56bfc062723c751e8b465ee728b)
Start importing Assets/textures/0d036f80c81be11950631c02834b0167.jpg using Guid(f9b2eaf207fe432439da1056aa6c0ac7) Importer(815301076,1909f56bfc062723c751e8b465ee728b)  -> (artifact id: '657f7f90e72ba8765553c10427b08e57') in 0.127267 seconds
Number of updated asset objects reloaded before import = 0
Number of asset objects unloaded after import = 2
========================================================================
Received Import Request.
  Time since last request: 0.000029 seconds.
  path: Assets/textures/Bricks067_2K-JPG_Roughness.jpg
  artifactKey: Guid(bf42f97b25583a648a83c99b443658e3) Importer(815301076,1909f56bfc062723c751e8b465ee728b)
Start importing Assets/textures/Bricks067_2K-JPG_Roughness.jpg using Guid(bf42f97b25583a648a83c99b443658e3) Importer(815301076,1909f56bfc062723c751e8b465ee728b)  -> (artifact id: 'b12e5d973ece52a049f4fc24f7930396') in 0.052896 seconds
Number of updated asset objects reloaded before import = 0
Number of asset objects unloaded after import = 2
========================================================================
Received Import Request.
  Time since last request: 0.000035 seconds.
  path: Assets/textures/Tiles128B_2K-JPG_Color.jpg
  artifactKey: Guid(68340e6e697846443b5ef26245f6a143) Importer(815301076,1909f56bfc062723c751e8b465ee728b)
Start importing Assets/textures/Tiles128B_2K-JPG_Color.jpg using Guid(68340e6e697846443b5ef26245f6a143) Importer(815301076,1909f56bfc062723c751e8b465ee728b)  -> (artifact id: '56d1dd6a59e60015a4b00d6dafd7710a') in 0.055460 seconds
Number of updated asset objects reloaded before import = 0
Number of asset objects unloaded after import = 2
========================================================================
Received Import Request.
  Time since last request: 0.000028 seconds.
  path: Assets/textures/Tiles128B_2K-JPG_Displacement.jpg
  artifactKey: Guid(865c30e99bf0d294da702114ca8e8a8b) Importer(815301076,1909f56bfc062723c751e8b465ee728b)
Start importing Assets/textures/Tiles128B_2K-JPG_Displacement.jpg using Guid(865c30e99bf0d294da702114ca8e8a8b) Importer(815301076,1909f56bfc062723c751e8b465ee728b)  -> (artifact id: 'c4f3c8062e0f74d1aa598370707a38b9') in 0.045647 seconds
Number of updated asset objects reloaded before import = 0
Number of asset objects unloaded after import = 2
========================================================================
Received Import Request.
  Time since last request: 0.000024 seconds.
  path: Assets/textures/Tiles128B_2K-JPG_Roughness.jpg
  artifactKey: Guid(3bfc96a0af04aed45bf93ae34d38d9db) Importer(815301076,1909f56bfc062723c751e8b465ee728b)
Start importing Assets/textures/Tiles128B_2K-JPG_Roughness.jpg using Guid(3bfc96a0af04aed45bf93ae34d38d9db) Importer(815301076,1909f56bfc062723c751e8b465ee728b)  -> (artifact id: '4572a12e724414b249d23b295ab3a7ca') in 0.042904 seconds
Number of updated asset objects reloaded before import = 0
Number of asset objects unloaded after import = 2
========================================================================
Received Import Request.
  Time since last request: 0.000032 seconds.
  path: Assets/textures/Bricks067_2K-JPG_Displacement.jpg
  artifactKey: Guid(7d8512bfb60466a4c925d573310e8435) Importer(815301076,1909f56bfc062723c751e8b465ee728b)
Start importing Assets/textures/Bricks067_2K-JPG_Displacement.jpg using Guid(7d8512bfb60466a4c925d573310e8435) Importer(815301076,1909f56bfc062723c751e8b465ee728b)  -> (artifact id: '23f40df83dd8d1a30ad0393af1a23b90') in 0.052462 seconds
Number of updated asset objects reloaded before import = 0
Number of asset objects unloaded after import = 2
========================================================================
Received Import Request.
  Time since last request: 0.000028 seconds.
  path: Assets/textures/ca6b15d38c1a6dd937149533aa97ff6d.jpg
  artifactKey: Guid(82481bc21d621c5459ddb914a309ef72) Importer(815301076,1909f56bfc062723c751e8b465ee728b)
Start importing Assets/textures/ca6b15d38c1a6dd937149533aa97ff6d.jpg using Guid(82481bc21d621c5459ddb914a309ef72) Importer(815301076,1909f56bfc062723c751e8b465ee728b)  -> (artifact id: '20fffe4b3575d386063169a14d122757') in 0.038665 seconds
Number of updated asset objects reloaded before import = 0
Number of asset objects unloaded after import = 2
========================================================================
Received Import Request.
  Time since last request: 0.000035 seconds.
  path: Assets/textures/Tiles077_2K-PNG_Roughness.png
  artifactKey: Guid(a9f64b4e551f80741b99d6bfcc3245aa) Importer(815301076,1909f56bfc062723c751e8b465ee728b)
Start importing Assets/textures/Tiles077_2K-PNG_Roughness.png using Guid(a9f64b4e551f80741b99d6bfcc3245aa) Importer(815301076,1909f56bfc062723c751e8b465ee728b)  -> (artifact id: 'c105413e3a78cf64249422bcf9d26289') in 0.050595 seconds
Number of updated asset objects reloaded before import = 0
Number of asset objects unloaded after import = 2
========================================================================
Received Import Request.
  Time since last request: 0.000028 seconds.
  path: Assets/textures/4c52ee90cbeda68487b1c960c6d4dae8.jpg
  artifactKey: Guid(e8a1e5f33390adc4293d8666a4e19dfe) Importer(815301076,1909f56bfc062723c751e8b465ee728b)
Start importing Assets/textures/4c52ee90cbeda68487b1c960c6d4dae8.jpg using Guid(e8a1e5f33390adc4293d8666a4e19dfe) Importer(815301076,1909f56bfc062723c751e8b465ee728b)  -> (artifact id: 'd7ad145b9d991c14baf90365dcc5333b') in 0.048008 seconds
Number of updated asset objects reloaded before import = 0
Number of asset objects unloaded after import = 2
========================================================================
Received Import Request.
  Time since last request: 0.000023 seconds.
  path: Assets/textures/ff1d7c958570782e66bddc941608c8f4.bmp
  artifactKey: Guid(5afeb2191dfa5cd458ea14a79706a17c) Importer(815301076,1909f56bfc062723c751e8b465ee728b)
Start importing Assets/textures/ff1d7c958570782e66bddc941608c8f4.bmp using Guid(5afeb2191dfa5cd458ea14a79706a17c) Importer(815301076,1909f56bfc062723c751e8b465ee728b)  -> (artifact id: '183f8597dca3da25b646f674ef5ee6fa') in 0.031024 seconds
Number of updated asset objects reloaded before import = 0
Number of asset objects unloaded after import = 2
========================================================================
Received Import Request.
  Time since last request: 0.000044 seconds.
  path: Assets/textures/Tiles077_2K-PNG_Color.png
  artifactKey: Guid(a14894a199dc1324b99c5e4d6976ecc0) Importer(815301076,1909f56bfc062723c751e8b465ee728b)
Start importing Assets/textures/Tiles077_2K-PNG_Color.png using Guid(a14894a199dc1324b99c5e4d6976ecc0) Importer(815301076,1909f56bfc062723c751e8b465ee728b)  -> (artifact id: 'c910de9cde6e5a7fe87698a5be584c2d') in 0.044442 seconds
Number of updated asset objects reloaded before import = 0
Number of asset objects unloaded after import = 2
========================================================================
Received Import Request.
  Time since last request: 0.000038 seconds.
  path: Assets/textures/vs_rejected.png
  artifactKey: Guid(d4bbac694ccfc904aa55dffcfac76afd) Importer(815301076,1909f56bfc062723c751e8b465ee728b)
Start importing Assets/textures/vs_rejected.png using Guid(d4bbac694ccfc904aa55dffcfac76afd) Importer(815301076,1909f56bfc062723c751e8b465ee728b)  -> (artifact id: '62756b265c2c716c30332b8a39d7a52a') in 0.055091 seconds
Number of updated asset objects reloaded before import = 0
Number of asset objects unloaded after import = 2
========================================================================
Received Import Request.
  Time since last request: 0.000033 seconds.
  path: Assets/textures/Bricks067_2K-JPG_Color.jpg
  artifactKey: Guid(88d35eca251b34f468291a03aa3eec2c) Importer(815301076,1909f56bfc062723c751e8b465ee728b)
Start importing Assets/textures/Bricks067_2K-JPG_Color.jpg using Guid(88d35eca251b34f468291a03aa3eec2c) Importer(815301076,1909f56bfc062723c751e8b465ee728b)  -> (artifact id: '9ebfc9fd495ba1de1851117884d6da0e') in 0.057409 seconds
Number of updated asset objects reloaded before import = 0
Number of asset objects unloaded after import = 2
========================================================================
Received Import Request.
  Time since last request: 0.000034 seconds.
  path: Assets/textures/Tiles128B_2K-JPG_AmbientOcclusion.jpg
  artifactKey: Guid(6b374dced85e87843a9089a348871d89) Importer(815301076,1909f56bfc062723c751e8b465ee728b)
Start importing Assets/textures/Tiles128B_2K-JPG_AmbientOcclusion.jpg using Guid(6b374dced85e87843a9089a348871d89) Importer(815301076,1909f56bfc062723c751e8b465ee728b)  -> (artifact id: '73e400016fd153ed856d501aecba434a') in 0.058752 seconds
Number of updated asset objects reloaded before import = 0
Number of asset objects unloaded after import = 2
========================================================================
Received Import Request.
  Time since last request: 0.000022 seconds.
  path: Assets/textures/blenderkit_logo.png
  artifactKey: Guid(7e278c517f934984397b445d43c13ab1) Importer(815301076,1909f56bfc062723c751e8b465ee728b)
Start importing Assets/textures/blenderkit_logo.png using Guid(7e278c517f934984397b445d43c13ab1) Importer(815301076,1909f56bfc062723c751e8b465ee728b)  -> (artifact id: '28747cd01b42dc857afd0b3663bc4030') in 0.035292 seconds
Number of updated asset objects reloaded before import = 0
Number of asset objects unloaded after import = 2
========================================================================
Received Import Request.
  Time since last request: 0.000024 seconds.
  path: Assets/textures/Bricks067_2K-JPG_AmbientOcclusion.jpg
  artifactKey: Guid(5aa86314a7ba8eb4ea9a82b75ad735f7) Importer(815301076,1909f56bfc062723c751e8b465ee728b)
Start importing Assets/textures/Bricks067_2K-JPG_AmbientOcclusion.jpg using Guid(5aa86314a7ba8eb4ea9a82b75ad735f7) Importer(815301076,1909f56bfc062723c751e8b465ee728b)  -> (artifact id: '9c28f977d79b54a30017814c575b544e') in 0.050917 seconds
Number of updated asset objects reloaded before import = 0
Number of asset objects unloaded after import = 2
========================================================================
Received Import Request.
  Time since last request: 0.000033 seconds.
  path: Assets/textures/Tiles077_2K-PNG_NormalGL.png
  artifactKey: Guid(a30d2be2a61d97e4393dc8213ff58070) Importer(815301076,1909f56bfc062723c751e8b465ee728b)
Start importing Assets/textures/Tiles077_2K-PNG_NormalGL.png using Guid(a30d2be2a61d97e4393dc8213ff58070) Importer(815301076,1909f56bfc062723c751e8b465ee728b)  -> (artifact id: 'd3af446758230b91fa82aa998bd26aea') in 0.172796 seconds
Number of updated asset objects reloaded before import = 0
Number of asset objects unloaded after import = 2
========================================================================
Received Import Request.
  Time since last request: 0.000043 seconds.
  path: Assets/textures/Bricks067_2K-JPG_NormalGL.jpg
  artifactKey: Guid(d2fc249822c3b624484aac649b7a39aa) Importer(815301076,1909f56bfc062723c751e8b465ee728b)
Start importing Assets/textures/Bricks067_2K-JPG_NormalGL.jpg using Guid(d2fc249822c3b624484aac649b7a39aa) Importer(815301076,1909f56bfc062723c751e8b465ee728b)  -> (artifact id: 'bbdf8a94a09f99f72e55cb1a621b256e') in 0.065652 seconds
Number of updated asset objects reloaded before import = 0
Number of asset objects unloaded after import = 2
========================================================================
Received Import Request.
  Time since last request: 0.000039 seconds.
  path: Assets/textures/Tiles128B_2K-JPG_NormalGL.jpg
  artifactKey: Guid(e8b668d590bad0a40b700c55747e5799) Importer(815301076,1909f56bfc062723c751e8b465ee728b)
Start importing Assets/textures/Tiles128B_2K-JPG_NormalGL.jpg using Guid(e8b668d590bad0a40b700c55747e5799) Importer(815301076,1909f56bfc062723c751e8b465ee728b)  -> (artifact id: '7bec1e3a0ee0c07c5452e2e73e59b4b3') in 0.069305 seconds
Number of updated asset objects reloaded before import = 0
Number of asset objects unloaded after import = 2
========================================================================
Received Import Request.
  Time since last request: 0.000049 seconds.
  path: Assets/textures/Tiles077_2K-PNG_Displacement.png
  artifactKey: Guid(fb9dc02762b9fbf449467ebd70351d66) Importer(815301076,1909f56bfc062723c751e8b465ee728b)
Start importing Assets/textures/Tiles077_2K-PNG_Displacement.png using Guid(fb9dc02762b9fbf449467ebd70351d66) Importer(815301076,1909f56bfc062723c751e8b465ee728b)  -> (artifact id: '2fcfa457532e988e3e04ed003cdcb58c') in 0.076169 seconds
Number of updated asset objects reloaded before import = 0
Number of asset objects unloaded after import = 2
========================================================================
Received Import Request.
  Time since last request: 712.383429 seconds.
  path: Assets/Fbx/broken_thirdmolarR.fbx
  artifactKey: Guid(30fbe8b5bb8846b458edefdaa21467cd) Importer(815301076,1909f56bfc062723c751e8b465ee728b)
Start importing Assets/Fbx/broken_thirdmolarR.fbx using Guid(30fbe8b5bb8846b458edefdaa21467cd) Importer(815301076,1909f56bfc062723c751e8b465ee728b)  -> (artifact id: 'a825cbbadc28bc89df0ca34f6875b2ee') in 0.767845 seconds
Number of updated asset objects reloaded before import = 0
Number of asset objects unloaded after import = 28
========================================================================
Received Import Request.
  Time since last request: 0.000052 seconds.
  path: Assets/Fbx/tooth_voxels.fbx
  artifactKey: Guid(2642a1b1fded2604bb65f8fa9b5f6cf8) Importer(815301076,1909f56bfc062723c751e8b465ee728b)
Start importing Assets/Fbx/tooth_voxels.fbx using Guid(2642a1b1fded2604bb65f8fa9b5f6cf8) Importer(815301076,1909f56bfc062723c751e8b465ee728b)  -> (artifact id: '84f24702af5f4037f4e5c8b5b6cbec4a') in 0.175238 seconds
Number of updated asset objects reloaded before import = 0
Number of asset objects unloaded after import = 9
